c:\users\martino\desktop\symulkav1\symulkav1\x64\debug\vc141.pdb
c:\users\martino\desktop\symulkav1\symulkav1\x64\debug\vc141.idb
c:\users\martino\desktop\symulkav1\symulkav1\x64\debug\transmitter.obj
c:\users\martino\desktop\symulkav1\symulkav1\x64\debug\telecomunicationsystem.obj
c:\users\martino\desktop\symulkav1\symulkav1\x64\debug\statistics.obj
c:\users\martino\desktop\symulkav1\symulkav1\x64\debug\process.obj
c:\users\martino\desktop\symulkav1\symulkav1\x64\debug\packageprocess.obj
c:\users\martino\desktop\symulkav1\symulkav1\x64\debug\package.obj
c:\users\martino\desktop\symulkav1\symulkav1\x64\debug\main.obj
c:\users\martino\desktop\symulkav1\symulkav1\x64\debug\generator.obj
c:\users\martino\desktop\symulkav1\symulkav1\x64\debug\channel.obj
c:\users\martino\desktop\symulkav1\x64\debug\symulkav1.ilk
c:\users\martino\desktop\symulkav1\x64\debug\symulkav1.exe
c:\users\martino\desktop\symulkav1\x64\debug\symulkav1.pdb
c:\users\martino\desktop\symulkav1\symulkav1\x64\debug\symulkav1.tlog\cl.command.1.tlog
c:\users\martino\desktop\symulkav1\symulkav1\x64\debug\symulkav1.tlog\cl.read.1.tlog
c:\users\martino\desktop\symulkav1\symulkav1\x64\debug\symulkav1.tlog\cl.write.1.tlog
c:\users\martino\desktop\symulkav1\symulkav1\x64\debug\symulkav1.tlog\link.command.1.tlog
c:\users\martino\desktop\symulkav1\symulkav1\x64\debug\symulkav1.tlog\link.read.1.tlog
c:\users\martino\desktop\symulkav1\symulkav1\x64\debug\symulkav1.tlog\link.write.1.tlog
