c:\users\martino\desktop\symulkav1\symulkav1\x64\release\vc141.pdb
c:\users\martino\desktop\symulkav1\symulkav1\x64\release\transmitter.obj
c:\users\martino\desktop\symulkav1\symulkav1\x64\release\telecomunicationsystem.obj
c:\users\martino\desktop\symulkav1\symulkav1\x64\release\statistics.obj
c:\users\martino\desktop\symulkav1\symulkav1\x64\release\process.obj
c:\users\martino\desktop\symulkav1\symulkav1\x64\release\packageprocess.obj
c:\users\martino\desktop\symulkav1\symulkav1\x64\release\package.obj
c:\users\martino\desktop\symulkav1\symulkav1\x64\release\main.obj
c:\users\martino\desktop\symulkav1\symulkav1\x64\release\generator.obj
c:\users\martino\desktop\symulkav1\symulkav1\x64\release\channel.obj
c:\users\martino\desktop\symulkav1\x64\release\symulkav1.exe
c:\users\martino\desktop\symulkav1\x64\release\symulkav1.pdb
c:\users\martino\desktop\symulkav1\x64\release\symulkav1.ipdb
c:\users\martino\desktop\symulkav1\x64\release\symulkav1.iobj
c:\users\martino\desktop\symulkav1\symulkav1\x64\release\symulkav1.tlog\cl.command.1.tlog
c:\users\martino\desktop\symulkav1\symulkav1\x64\release\symulkav1.tlog\cl.read.1.tlog
c:\users\martino\desktop\symulkav1\symulkav1\x64\release\symulkav1.tlog\cl.write.1.tlog
c:\users\martino\desktop\symulkav1\symulkav1\x64\release\symulkav1.tlog\link.command.1.tlog
c:\users\martino\desktop\symulkav1\symulkav1\x64\release\symulkav1.tlog\link.read.1.tlog
c:\users\martino\desktop\symulkav1\symulkav1\x64\release\symulkav1.tlog\link.write.1.tlog
c:\users\martino\desktop\symulkav1\symulkav1\x64\release\symulkav1.tlog\symulkav1.write.1u.tlog
