  main.cpp
d:\studia\inżynierka\semestr 6\symulacja cyfrowa\symulacja cyfrowa\symulkav1\symulkav1\generator.h(28): warning C4244: "=": konwersja z "double" do "int", możliwa utrata danych
d:\studia\inżynierka\semestr 6\symulacja cyfrowa\symulacja cyfrowa\symulkav1\symulkav1\generator.h(31): warning C4244: "+=": konwersja z "double" do "int", możliwa utrata danych
d:\studia\inżynierka\semestr 6\symulacja cyfrowa\symulacja cyfrowa\symulkav1\symulkav1\process.h(16): warning C4244: "inicjowanie": konwersja z "double" do "int", możliwa utrata danych
d:\studia\inżynierka\semestr 6\symulacja cyfrowa\symulacja cyfrowa\symulkav1\symulkav1\main.cpp(15): warning C4244: "argument": konwersja z "time_t" do "unsigned int", możliwa utrata danych
d:\studia\inżynierka\semestr 6\symulacja cyfrowa\symulacja cyfrowa\symulkav1\symulkav1\main.cpp(48): warning C4244: "argument": konwersja z "double" do "int", możliwa utrata danych
d:\studia\inżynierka\semestr 6\symulacja cyfrowa\symulacja cyfrowa\symulkav1\symulkav1\main.cpp(49): warning C4244: "argument": konwersja z "double" do "int", możliwa utrata danych
d:\studia\inżynierka\semestr 6\symulacja cyfrowa\symulacja cyfrowa\symulkav1\symulkav1\main.cpp(50): warning C4244: "argument": konwersja z "double" do "int", możliwa utrata danych
d:\studia\inżynierka\semestr 6\symulacja cyfrowa\symulacja cyfrowa\symulkav1\symulkav1\main.cpp(51): warning C4244: "argument": konwersja z "double" do "int", możliwa utrata danych
d:\studia\inżynierka\semestr 6\symulacja cyfrowa\symulacja cyfrowa\symulkav1\symulkav1\main.cpp(52): warning C4244: "argument": konwersja z "double" do "int", możliwa utrata danych
d:\studia\inżynierka\semestr 6\symulacja cyfrowa\symulacja cyfrowa\symulkav1\symulkav1\main.cpp(53): warning C4244: "argument": konwersja z "double" do "int", możliwa utrata danych
d:\studia\inżynierka\semestr 6\symulacja cyfrowa\symulacja cyfrowa\symulkav1\symulkav1\main.cpp(54): warning C4244: "argument": konwersja z "double" do "int", możliwa utrata danych
d:\studia\inżynierka\semestr 6\symulacja cyfrowa\symulacja cyfrowa\symulkav1\symulkav1\main.cpp(55): warning C4244: "argument": konwersja z "double" do "int", możliwa utrata danych
d:\studia\inżynierka\semestr 6\symulacja cyfrowa\symulacja cyfrowa\symulkav1\symulkav1\main.cpp(75): warning C4244: "argument": konwersja z "double" do "int", możliwa utrata danych
d:\studia\inżynierka\semestr 6\symulacja cyfrowa\symulacja cyfrowa\symulkav1\symulkav1\main.cpp(76): warning C4244: "argument": konwersja z "double" do "int", możliwa utrata danych
d:\studia\inżynierka\semestr 6\symulacja cyfrowa\symulacja cyfrowa\symulkav1\symulkav1\main.cpp(82): warning C4244: "argument": konwersja z "double" do "int", możliwa utrata danych
d:\studia\inżynierka\semestr 6\symulacja cyfrowa\symulacja cyfrowa\symulkav1\symulkav1\main.cpp(83): warning C4244: "argument": konwersja z "double" do "int", możliwa utrata danych
d:\studia\inżynierka\semestr 6\symulacja cyfrowa\symulacja cyfrowa\symulkav1\symulkav1\main.cpp(90): warning C4244: "argument": konwersja z "double" do "int", możliwa utrata danych
d:\studia\inżynierka\semestr 6\symulacja cyfrowa\symulacja cyfrowa\symulkav1\symulkav1\main.cpp(91): warning C4244: "argument": konwersja z "double" do "int", możliwa utrata danych
d:\studia\inżynierka\semestr 6\symulacja cyfrowa\symulacja cyfrowa\symulkav1\symulkav1\main.cpp(97): warning C4244: "argument": konwersja z "double" do "int", możliwa utrata danych
d:\studia\inżynierka\semestr 6\symulacja cyfrowa\symulacja cyfrowa\symulkav1\symulkav1\main.cpp(98): warning C4244: "argument": konwersja z "double" do "int", możliwa utrata danych
  Trwa generowanie kodu
  4 of 730 functions ( 0.5%) were compiled, the rest were copied from previous compilation.
    0 functions were new in current compilation
    12 functions had inline decision re-evaluated but remain unchanged
  Zakończono generowanie kodu
  SymulkaV1.vcxproj -> D:\Studia\Inżynierka\Semestr 6\Symulacja Cyfrowa\Symulacja Cyfrowa\SymulkaV1\x64\Release\SymulkaV1.exe
